<?xml version="1.0" encoding="UTF-8"?>
<testsuite xmlns:xsi="http://www.w3.org/2001/XMLSchema-instance" xsi:noNamespaceSchemaLocation="https://maven.apache.org/surefire/maven-surefire-plugin/xsd/surefire-test-report-3.0.xsd" version="3.0" name="adt.bst.StudentBSTTest" time="0.101" tests="42" errors="0" skipped="0" failures="0">
  <properties>
[...]
</properties>
  <testcase name="testGetPreOrderTreeWithElements" classname="adt.bst.StudentBSTTest" time="0.004"/>
  <testcase name="testSearchTreeEmpty" classname="adt.bst.StudentBSTTest" time="0.0"/>
  <testcase name="testGetOrderTreeEmpty" classname="adt.bst.StudentBSTTest" time="0.0"/>
  <testcase name="testGetPredecessorElementNotInTree" classname="adt.bst.StudentBSTTest" time="0.0"/>
  <testcase name="testGetSucessorTreeEmpty" classname="adt.bst.StudentBSTTest" time="0.0"/>
  <testcase name="testGetHeightOneElement" classname="adt.bst.StudentBSTTest" time="0.0"/>
  <testcase name="testSucessorPredecessor" classname="adt.bst.StudentBSTTest" time="0.001"/>
  <testcase name="testGetMinimumOneElement" classname="adt.bst.StudentBSTTest" time="0.001"/>
  <testcase name="testGetHeightTreeEmpty" classname="adt.bst.StudentBSTTest" time="0.0"/>
  <testcase name="testInit" classname="adt.bst.StudentBSTTest" time="0.001"/>
  <testcase name="testSize" classname="adt.bst.StudentBSTTest" time="0.0"/>
  <testcase name="testGetPredecessorElementHasNotPredecessor" classname="adt.bst.StudentBSTTest" time="0.001"/>
  <testcase name="testGetOrderTreeOneElement" classname="adt.bst.StudentBSTTest" time="0.0"/>
  <testcase name="testGetPreOrderTreeOneElement" classname="adt.bst.StudentBSTTest" time="0.0"/>
  <testcase name="testGetRootTreeEmpty" classname="adt.bst.StudentBSTTest" time="0.0"/>
  <testcase name="testGetPostOrderTreeWithElements" classname="adt.bst.StudentBSTTest" time="0.002"/>
  <testcase name="testGetMinimumTreeEmpty" classname="adt.bst.StudentBSTTest" time="0.0"/>
  <testcase name="testGetHeightTreeWithElements" classname="adt.bst.StudentBSTTest" time="0.001"/>
  <testcase name="testGetSucessorElementHasNotSucessor" classname="adt.bst.StudentBSTTest" time="0.0"/>
  <testcase name="testGetMaximumTreeEmpty" classname="adt.bst.StudentBSTTest" time="0.0"/>
  <testcase name="testGetSucessorElementWithSucessor" classname="adt.bst.StudentBSTTest" time="0.0"/>
  <testcase name="testFirstInsertion" classname="adt.bst.StudentBSTTest" time="0.0"/>
  <testcase name="testGetSucessorElementNotInTree" classname="adt.bst.StudentBSTTest" time="0.0"/>
  <testcase name="testGetPredecessorTreeEmpty" classname="adt.bst.StudentBSTTest" time="0.0"/>
  <testcase name="testGetSucessorElementWithSucessorParent" classname="adt.bst.StudentBSTTest" time="0.0"/>
  <testcase name="testGetPostOrderTreeEmpty" classname="adt.bst.StudentBSTTest" time="0.0"/>
  <testcase name="testGetPreOrderTreeEmpty" classname="adt.bst.StudentBSTTest" time="0.0"/>
  <testcase name="testSearchWithElements" classname="adt.bst.StudentBSTTest" time="0.0"/>
  <testcase name="testGetMaximumOneElement" classname="adt.bst.StudentBSTTest" time="0.0"/>
  <testcase name="testSearchWithElementsNotFound" classname="adt.bst.StudentBSTTest" time="0.0"/>
  <testcase name="testGetPredecessorElementWithPredecessor" classname="adt.bst.StudentBSTTest" time="0.0"/>
  <testcase name="testGetPredecessorElementWithPredecessorParent" classname="adt.bst.StudentBSTTest" time="0.0"/>
  <testcase name="testGetSucessorOneElement" classname="adt.bst.StudentBSTTest" time="0.0"/>
  <testcase name="testGetOrderTreeWithElements" classname="adt.bst.StudentBSTTest" time="0.0"/>
  <testcase name="testHeight" classname="adt.bst.StudentBSTTest" time="0.0"/>
  <testcase name="testMinMax" classname="adt.bst.StudentBSTTest" time="0.0"/>
  <testcase name="testGetMinimumWithElements" classname="adt.bst.StudentBSTTest" time="0.003"/>
  <testcase name="testGetMaximumWithElements" classname="adt.bst.StudentBSTTest" time="0.0"/>
  <testcase name="testRemove" classname="adt.bst.StudentBSTTest" time="0.0"/>
  <testcase name="testSearch" classname="adt.bst.StudentBSTTest" time="0.0"/>
  <testcase name="testGetPredecessorOneElement" classname="adt.bst.StudentBSTTest" time="0.0"/>
  <testcase name="testGetPostOrderTreeOneElement" classname="adt.bst.StudentBSTTest" time="0.0"/>
</testsuite>