<?xml version="1.0" encoding="UTF-8"?>
<testsuite xmlns:xsi="http://www.w3.org/2001/XMLSchema-instance" xsi:noNamespaceSchemaLocation="https://maven.apache.org/surefire/maven-surefire-plugin/xsd/surefire-test-report-3.0.xsd" version="3.0" name="adt.linkedList.StudentDoubleLinkedListTest" time="0.106" tests="53" errors="0" skipped="0" failures="0">
  <properties>
[...]
</properties>
  <testcase name="testToArrayRecursivo" classname="adt.linkedList.StudentDoubleLinkedListTest" time="0.004"/>
  <testcase name="testRemoveElementoNullListaVaziaRecursivo" classname="adt.linkedList.StudentDoubleLinkedListTest" time="0.0"/>
  <testcase name="testGetHeadAndLastListaMaisDeUmElemento" classname="adt.linkedList.StudentDoubleLinkedListTest" time="0.0"/>
  <testcase name="inserePrimeiroListaVazia" classname="adt.linkedList.StudentDoubleLinkedListTest" time="0.0"/>
  <testcase name="testRemoveLastComElementos" classname="adt.linkedList.StudentDoubleLinkedListTest" time="0.001"/>
  <testcase name="testInsereRemovePrimeiroListaVaziaRecursivo" classname="adt.linkedList.StudentDoubleLinkedListTest" time="0.0"/>
  <testcase name="testRemoveMudandoHead" classname="adt.linkedList.StudentDoubleLinkedListTest" time="0.0"/>
  <testcase name="testGetHeadAndLastListaUmElemento" classname="adt.linkedList.StudentDoubleLinkedListTest" time="0.0"/>
  <testcase name="testGetHeadAndLastListaVazia" classname="adt.linkedList.StudentDoubleLinkedListTest" time="0.0"/>
  <testcase name="testRemoveLastUnicoElemento" classname="adt.linkedList.StudentDoubleLinkedListTest" time="0.0"/>
  <testcase name="testRemoveFirst" classname="adt.linkedList.StudentDoubleLinkedListTest" time="0.0"/>
  <testcase name="testRemoveLastComElementosRecursivo" classname="adt.linkedList.StudentDoubleLinkedListTest" time="0.0"/>
  <testcase name="testRemoveLastUnicoElementoRecursivo" classname="adt.linkedList.StudentDoubleLinkedListTest" time="0.0"/>
  <testcase name="testInsertFirst" classname="adt.linkedList.StudentDoubleLinkedListTest" time="0.0"/>
  <testcase name="testRemoveFirstUnderflow" classname="adt.linkedList.StudentDoubleLinkedListTest" time="0.0"/>
  <testcase name="testRemoveLastOverride" classname="adt.linkedList.StudentDoubleLinkedListTest" time="0.0"/>
  <testcase name="testRemoveDouble" classname="adt.linkedList.StudentDoubleLinkedListTest" time="0.0"/>
  <testcase name="testAdicionaMudandoLast" classname="adt.linkedList.StudentDoubleLinkedListTest" time="0.001"/>
  <testcase name="testRemoveFirstUnicoElementoRecursivo" classname="adt.linkedList.StudentDoubleLinkedListTest" time="0.0"/>
  <testcase name="testRemoveComElementosRecursivo" classname="adt.linkedList.StudentDoubleLinkedListTest" time="0.0"/>
  <testcase name="testInsereNormalRemovePrimeiroListaVaziaRecursivo" classname="adt.linkedList.StudentDoubleLinkedListTest" time="0.001"/>
  <testcase name="testRemoveLast" classname="adt.linkedList.StudentDoubleLinkedListTest" time="0.0"/>
  <testcase name="insereRemovePrimeiroListaVazia" classname="adt.linkedList.StudentDoubleLinkedListTest" time="0.0"/>
  <testcase name="testInsereListaVaziaRecursivo" classname="adt.linkedList.StudentDoubleLinkedListTest" time="0.001"/>
  <testcase name="testRemoveComElementos" classname="adt.linkedList.StudentDoubleLinkedListTest" time="0.0"/>
  <testcase name="testRemoveFirstListaVaziaRecursivo" classname="adt.linkedList.StudentDoubleLinkedListTest" time="0.001"/>
  <testcase name="testRemoveElementoListaVaziaRecursivo" classname="adt.linkedList.StudentDoubleLinkedListTest" time="0.0"/>
  <testcase name="testRemoveFirstComElementosRecursivo" classname="adt.linkedList.StudentDoubleLinkedListTest" time="0.0"/>
  <testcase name="testRemoveLastListaVaziaRecursivo" classname="adt.linkedList.StudentDoubleLinkedListTest" time="0.0"/>
  <testcase name="testInserePrimeiroListaVaziaRecursivo" classname="adt.linkedList.StudentDoubleLinkedListTest" time="0.001"/>
  <testcase name="insereRemoveListaVazia" classname="adt.linkedList.StudentDoubleLinkedListTest" time="0.0"/>
  <testcase name="testInsereRemoveListaVaziaRecursivo" classname="adt.linkedList.StudentDoubleLinkedListTest" time="0.0"/>
  <testcase name="testRemoveFirstComElementos" classname="adt.linkedList.StudentDoubleLinkedListTest" time="0.001"/>
  <testcase name="insereNormalRemovePrimeiroListaVazia" classname="adt.linkedList.StudentDoubleLinkedListTest" time="0.0"/>
  <testcase name="testRemoveFirstUnicoElemento" classname="adt.linkedList.StudentDoubleLinkedListTest" time="0.0"/>
  <testcase name="insereListaVazia" classname="adt.linkedList.StudentDoubleLinkedListTest" time="0.01"/>
  <testcase name="testGetElementoExistente" classname="adt.linkedList.StudentDoubleLinkedListTest" time="0.0"/>
  <testcase name="testToArray" classname="adt.linkedList.StudentDoubleLinkedListTest" time="0.0"/>
  <testcase name="testSize" classname="adt.linkedList.StudentDoubleLinkedListTest" time="0.0"/>
  <testcase name="testInsertNullListaVazia" classname="adt.linkedList.StudentDoubleLinkedListTest" time="0.0"/>
  <testcase name="testInsertListaVazia" classname="adt.linkedList.StudentDoubleLinkedListTest" time="0.0"/>
  <testcase name="testRemoverElemento" classname="adt.linkedList.StudentDoubleLinkedListTest" time="0.0"/>
  <testcase name="testRemoverElementoListaUnitaria" classname="adt.linkedList.StudentDoubleLinkedListTest" time="0.0"/>
  <testcase name="testGetElementoNull" classname="adt.linkedList.StudentDoubleLinkedListTest" time="0.0"/>
  <testcase name="testGetElementoListaVazia" classname="adt.linkedList.StudentDoubleLinkedListTest" time="0.0"/>
  <testcase name="testInsertNullListaComElementos" classname="adt.linkedList.StudentDoubleLinkedListTest" time="0.0"/>
  <testcase name="testGetElementoInexistente" classname="adt.linkedList.StudentDoubleLinkedListTest" time="0.0"/>
  <testcase name="testInsert" classname="adt.linkedList.StudentDoubleLinkedListTest" time="0.0"/>
  <testcase name="testIsEmpty" classname="adt.linkedList.StudentDoubleLinkedListTest" time="0.0"/>
  <testcase name="testRemove" classname="adt.linkedList.StudentDoubleLinkedListTest" time="0.0"/>
  <testcase name="testSearch" classname="adt.linkedList.StudentDoubleLinkedListTest" time="0.0"/>
  <testcase name="testRemoveElementoInexistente" classname="adt.linkedList.StudentDoubleLinkedListTest" time="0.0"/>
  <testcase name="testInsertListaComElementos" classname="adt.linkedList.StudentDoubleLinkedListTest" time="0.0"/>
</testsuite>